{"/Users/kylewetton/apps/popmicro/src/ts/components/core/Popmicro.ts": {"path":"/Users/kylewetton/apps/popmicro/src/ts/components/core/Popmicro.ts","statementMap":{"0":{"start":{"line":1,"column":0},"end":{"line":1,"column":75}},"1":{"start":{"line":20,"column":35},"end":{"line":22,"column":null}},"2":{"start":{"line":24,"column":0},"end":{"line":24,"column":null}},"3":{"start":{"line":30,"column":17},"end":{"line":30,"column":null}},"4":{"start":{"line":31,"column":8},"end":{"line":31,"column":62}},"5":{"start":{"line":32,"column":8},"end":{"line":32,"column":null}},"6":{"start":{"line":33,"column":8},"end":{"line":37,"column":10}},"7":{"start":{"line":38,"column":8},"end":{"line":38,"column":38}},"8":{"start":{"line":39,"column":8},"end":{"line":39,"column":21}},"9":{"start":{"line":45,"column":3},"end":{"line":50,"column":null}},"10":{"start":{"line":46,"column":37},"end":{"line":46,"column":57}},"11":{"start":{"line":47,"column":7},"end":{"line":47,"column":109}},"12":{"start":{"line":48,"column":7},"end":{"line":48,"column":27}},"13":{"start":{"line":49,"column":7},"end":{"line":49,"column":24}},"14":{"start":{"line":55,"column":11},"end":{"line":87,"column":null}},"15":{"start":{"line":56,"column":30},"end":{"line":56,"column":43}},"16":{"start":{"line":56,"column":19},"end":{"line":56,"column":21}},"17":{"start":{"line":56,"column":26},"end":{"line":56,"column":30}},"18":{"start":{"line":57,"column":40},"end":{"line":57,"column":57}},"19":{"start":{"line":60,"column":8},"end":{"line":84,"column":null}},"20":{"start":{"line":62,"column":16},"end":{"line":62,"column":null}},"21":{"start":{"line":63,"column":16},"end":{"line":63,"column":46}},"22":{"start":{"line":64,"column":12},"end":{"line":64,"column":18}},"23":{"start":{"line":67,"column":52},"end":{"line":67,"column":80}},"24":{"start":{"line":68,"column":16},"end":{"line":83,"column":null}},"25":{"start":{"line":69,"column":35},"end":{"line":69,"column":53}},"26":{"start":{"line":70,"column":40},"end":{"line":70,"column":66}},"27":{"start":{"line":72,"column":20},"end":{"line":75,"column":null}},"28":{"start":{"line":77,"column":19},"end":{"line":77,"column":40}},"29":{"start":{"line":78,"column":19},"end":{"line":78,"column":46}},"30":{"start":{"line":80,"column":19},"end":{"line":82,"column":null}},"31":{"start":{"line":81,"column":23},"end":{"line":81,"column":66}},"32":{"start":{"line":86,"column":8},"end":{"line":86,"column":40}},"33":{"start":{"line":90,"column":11},"end":{"line":109,"column":null}},"34":{"start":{"line":91,"column":30},"end":{"line":91,"column":43}},"35":{"start":{"line":91,"column":19},"end":{"line":91,"column":21}},"36":{"start":{"line":91,"column":26},"end":{"line":91,"column":30}},"37":{"start":{"line":92,"column":24},"end":{"line":92,"column":57}},"38":{"start":{"line":94,"column":8},"end":{"line":98,"column":null}},"39":{"start":{"line":95,"column":12},"end":{"line":97,"column":null}},"40":{"start":{"line":96,"column":16},"end":{"line":96,"column":56}},"41":{"start":{"line":100,"column":8},"end":{"line":106,"column":null}},"42":{"start":{"line":101,"column":12},"end":{"line":101,"column":96}},"43":{"start":{"line":102,"column":15},"end":{"line":106,"column":null}},"44":{"start":{"line":103,"column":12},"end":{"line":103,"column":63}},"45":{"start":{"line":105,"column":12},"end":{"line":105,"column":33}},"46":{"start":{"line":107,"column":8},"end":{"line":107,"column":40}},"47":{"start":{"line":108,"column":8},"end":{"line":108,"column":38}},"48":{"start":{"line":112,"column":12},"end":{"line":123,"column":null}},"49":{"start":{"line":112,"column":4},"end":{"line":112,"column":12}},"50":{"start":{"line":113,"column":8},"end":{"line":114,"column":19}},"51":{"start":{"line":114,"column":12},"end":{"line":114,"column":19}},"52":{"start":{"line":115,"column":8},"end":{"line":122,"column":11}},"53":{"start":{"line":116,"column":12},"end":{"line":121,"column":null}},"54":{"start":{"line":117,"column":16},"end":{"line":117,"column":35}},"55":{"start":{"line":118,"column":26},"end":{"line":118,"column":55}},"56":{"start":{"line":119,"column":29},"end":{"line":119,"column":51}},"57":{"start":{"line":120,"column":16},"end":{"line":120,"column":40}},"58":{"start":{"line":125,"column":12},"end":{"line":128,"column":null}},"59":{"start":{"line":126,"column":37},"end":{"line":126,"column":50}},"60":{"start":{"line":126,"column":19},"end":{"line":126,"column":21}},"61":{"start":{"line":126,"column":26},"end":{"line":126,"column":28}},"62":{"start":{"line":126,"column":33},"end":{"line":126,"column":37}},"63":{"start":{"line":127,"column":8},"end":{"line":127,"column":34}},"64":{"start":{"line":130,"column":12},"end":{"line":139,"column":null}},"65":{"start":{"line":131,"column":8},"end":{"line":138,"column":null}},"66":{"start":{"line":132,"column":27},"end":{"line":132,"column":35}},"67":{"start":{"line":133,"column":44},"end":{"line":133,"column":61}},"68":{"start":{"line":134,"column":12},"end":{"line":137,"column":null}},"69":{"start":{"line":135,"column":33},"end":{"line":135,"column":61}},"70":{"start":{"line":136,"column":16},"end":{"line":136,"column":58}},"71":{"start":{"line":140,"column":0},"end":{"line":140,"column":null}}},"fnMap":{"0":{"name":"(anonymous_0)","decl":{"start":{"line":24,"column":0},"end":{"line":24,"column":null}},"loc":{"start":{"line":24,"column":0},"end":{"line":140,"column":null}}},"1":{"name":"Popmicro","decl":{"start":{"line":30,"column":4},"end":{"line":30,"column":17}},"loc":{"start":{"line":30,"column":54},"end":{"line":40,"column":5}}},"2":{"name":"(anonymous_2)","decl":{"start":{"line":45,"column":3},"end":{"line":45,"column":8}},"loc":{"start":{"line":45,"column":3},"end":{"line":50,"column":5}}},"3":{"name":"(anonymous_3)","decl":{"start":{"line":55,"column":4},"end":{"line":55,"column":11}},"loc":{"start":{"line":55,"column":28},"end":{"line":87,"column":5}}},"4":{"name":"(anonymous_4)","decl":{"start":{"line":90,"column":4},"end":{"line":90,"column":11}},"loc":{"start":{"line":90,"column":4},"end":{"line":109,"column":5}}},"5":{"name":"(anonymous_5)","decl":{"start":{"line":112,"column":4},"end":{"line":112,"column":12}},"loc":{"start":{"line":112,"column":4},"end":{"line":123,"column":5}}},"6":{"name":"(anonymous_6)","decl":{"start":{"line":115,"column":30},"end":{"line":115,"column":37}},"loc":{"start":{"line":115,"column":37},"end":{"line":122,"column":9}}},"7":{"name":"(anonymous_7)","decl":{"start":{"line":116,"column":46},"end":{"line":116,"column":47}},"loc":{"start":{"line":116,"column":47},"end":{"line":121,"column":13}}},"8":{"name":"(anonymous_8)","decl":{"start":{"line":125,"column":4},"end":{"line":125,"column":12}},"loc":{"start":{"line":125,"column":4},"end":{"line":128,"column":5}}},"9":{"name":"(anonymous_9)","decl":{"start":{"line":130,"column":4},"end":{"line":130,"column":12}},"loc":{"start":{"line":130,"column":4},"end":{"line":139,"column":5}}},"10":{"name":"(anonymous_10)","decl":{"start":{"line":131,"column":30},"end":{"line":131,"column":37}},"loc":{"start":{"line":131,"column":37},"end":{"line":138,"column":9}}}},"branchMap":{"0":{"loc":{"start":{"line":30,"column":17},"end":{"line":30,"column":null}},"type":"if","locations":[{"start":{"line":30,"column":17},"end":{"line":30,"column":null}},{"start":{"line":30,"column":17},"end":{"line":30,"column":null}}]},"1":{"loc":{"start":{"line":61,"column":12},"end":{"line":64,"column":18}},"type":"switch","locations":[{"start":{"line":61,"column":12},"end":{"line":64,"column":18}},{"start":{"line":66,"column":12},"end":{"line":83,"column":null}}]},"2":{"loc":{"start":{"line":68,"column":16},"end":{"line":83,"column":null}},"type":"if","locations":[{"start":{"line":68,"column":16},"end":{"line":83,"column":null}},{"start":{"line":68,"column":16},"end":{"line":83,"column":null}}]},"3":{"loc":{"start":{"line":80,"column":19},"end":{"line":82,"column":null}},"type":"if","locations":[{"start":{"line":80,"column":19},"end":{"line":82,"column":null}},{"start":{"line":80,"column":19},"end":{"line":82,"column":null}}]},"4":{"loc":{"start":{"line":94,"column":8},"end":{"line":98,"column":null}},"type":"if","locations":[{"start":{"line":94,"column":8},"end":{"line":98,"column":null}},{"start":{"line":94,"column":8},"end":{"line":98,"column":null}}]},"5":{"loc":{"start":{"line":95,"column":12},"end":{"line":97,"column":null}},"type":"if","locations":[{"start":{"line":95,"column":12},"end":{"line":97,"column":null}},{"start":{"line":95,"column":12},"end":{"line":97,"column":null}}]},"6":{"loc":{"start":{"line":100,"column":8},"end":{"line":106,"column":null}},"type":"if","locations":[{"start":{"line":100,"column":8},"end":{"line":106,"column":null}},{"start":{"line":100,"column":8},"end":{"line":106,"column":null}}]},"7":{"loc":{"start":{"line":100,"column":12},"end":{"line":100,"column":19}},"type":"binary-expr","locations":[{"start":{"line":100,"column":12},"end":{"line":100,"column":19}},{"start":{"line":100,"column":19},"end":{"line":100,"column":54}},{"start":{"line":100,"column":54},"end":{"line":100,"column":88}}]},"8":{"loc":{"start":{"line":100,"column":45},"end":{"line":100,"column":47}},"type":"cond-expr","locations":[{"start":{"line":100,"column":45},"end":{"line":100,"column":47}},{"start":{"line":100,"column":45},"end":{"line":100,"column":54}}]},"9":{"loc":{"start":{"line":100,"column":19},"end":{"line":100,"column":47}},"type":"binary-expr","locations":[{"start":{"line":100,"column":19},"end":{"line":100,"column":47}},{"start":{"line":100,"column":45},"end":{"line":100,"column":47}}]},"10":{"loc":{"start":{"line":100,"column":80},"end":{"line":100,"column":82}},"type":"cond-expr","locations":[{"start":{"line":100,"column":80},"end":{"line":100,"column":82}},{"start":{"line":100,"column":80},"end":{"line":100,"column":88}}]},"11":{"loc":{"start":{"line":100,"column":54},"end":{"line":100,"column":82}},"type":"binary-expr","locations":[{"start":{"line":100,"column":54},"end":{"line":100,"column":82}},{"start":{"line":100,"column":80},"end":{"line":100,"column":82}}]},"12":{"loc":{"start":{"line":102,"column":15},"end":{"line":106,"column":null}},"type":"if","locations":[{"start":{"line":102,"column":15},"end":{"line":106,"column":null}},{"start":{"line":102,"column":15},"end":{"line":106,"column":null}}]},"13":{"loc":{"start":{"line":102,"column":19},"end":{"line":102,"column":26}},"type":"binary-expr","locations":[{"start":{"line":102,"column":19},"end":{"line":102,"column":26}},{"start":{"line":102,"column":26},"end":{"line":102,"column":60}}]},"14":{"loc":{"start":{"line":102,"column":52},"end":{"line":102,"column":54}},"type":"cond-expr","locations":[{"start":{"line":102,"column":52},"end":{"line":102,"column":54}},{"start":{"line":102,"column":52},"end":{"line":102,"column":60}}]},"15":{"loc":{"start":{"line":102,"column":26},"end":{"line":102,"column":54}},"type":"binary-expr","locations":[{"start":{"line":102,"column":26},"end":{"line":102,"column":54}},{"start":{"line":102,"column":52},"end":{"line":102,"column":54}}]},"16":{"loc":{"start":{"line":113,"column":8},"end":{"line":114,"column":19}},"type":"if","locations":[{"start":{"line":113,"column":8},"end":{"line":114,"column":19}},{"start":{"line":113,"column":8},"end":{"line":114,"column":19}}]},"17":{"loc":{"start":{"line":120,"column":16},"end":{"line":120,"column":20}},"type":"binary-expr","locations":[{"start":{"line":120,"column":16},"end":{"line":120,"column":20}},{"start":{"line":120,"column":24},"end":{"line":120,"column":39}}]},"18":{"loc":{"start":{"line":134,"column":12},"end":{"line":137,"column":null}},"type":"if","locations":[{"start":{"line":134,"column":12},"end":{"line":137,"column":null}},{"start":{"line":134,"column":12},"end":{"line":137,"column":null}}]},"19":{"loc":{"start":{"line":136,"column":24},"end":{"line":136,"column":26}},"type":"cond-expr","locations":[{"start":{"line":136,"column":24},"end":{"line":136,"column":26}},{"start":{"line":136,"column":16},"end":{"line":136,"column":58}}]},"20":{"loc":{"start":{"line":136,"column":16},"end":{"line":136,"column":26}},"type":"binary-expr","locations":[{"start":{"line":136,"column":16},"end":{"line":136,"column":26}},{"start":{"line":136,"column":16},"end":{"line":136,"column":26}}]}},"s":{"0":1,"1":1,"2":1,"3":6,"4":3,"5":3,"6":3,"7":3,"8":3,"9":1,"10":3,"11":3,"12":3,"13":3,"14":1,"15":6,"16":6,"17":6,"18":6,"19":6,"20":1,"21":1,"22":1,"23":5,"24":5,"25":5,"26":5,"27":5,"28":5,"29":5,"30":5,"31":5,"32":6,"33":1,"34":2,"35":2,"36":2,"37":2,"38":2,"39":2,"40":2,"41":2,"42":2,"43":0,"44":0,"45":0,"46":2,"47":2,"48":1,"49":3,"50":3,"51":0,"52":3,"53":3,"54":0,"55":0,"56":0,"57":0,"58":1,"59":3,"60":3,"61":3,"62":3,"63":3,"64":1,"65":0,"66":0,"67":0,"68":0,"69":0,"70":0,"71":1},"f":{"0":1,"1":3,"2":3,"3":6,"4":2,"5":3,"6":3,"7":0,"8":3,"9":0,"10":0},"b":{"0":[3,0],"1":[1,5],"2":[5,0],"3":[5,0],"4":[2,0],"5":[2,0],"6":[2,0],"7":[2,2,2],"8":[0,2],"9":[2,2],"10":[0,2],"11":[2,2],"12":[0,0],"13":[0,0],"14":[0,0],"15":[0,0],"16":[0,3],"17":[0,0],"18":[0,0],"19":[0,0],"20":[0,0]}}
,"/Users/kylewetton/apps/popmicro/src/ts/utils/index.ts": {"path":"/Users/kylewetton/apps/popmicro/src/ts/utils/index.ts","statementMap":{"0":{"start":{"line":21,"column":13},"end":{"line":31,"column":null}},"1":{"start":{"line":21,"column":45},"end":{"line":21,"column":84}},"2":{"start":{"line":21,"column":84},"end":{"line":21,"column":null}},"3":{"start":{"line":22,"column":4},"end":{"line":23,"column":22}},"4":{"start":{"line":23,"column":8},"end":{"line":23,"column":22}},"5":{"start":{"line":25,"column":4},"end":{"line":30,"column":null}},"6":{"start":{"line":26,"column":12},"end":{"line":26,"column":54}},"7":{"start":{"line":27,"column":12},"end":{"line":27,"column":24}},"8":{"start":{"line":29,"column":12},"end":{"line":29,"column":53}},"9":{"start":{"line":39,"column":13},"end":{"line":50,"column":null}},"10":{"start":{"line":40,"column":29},"end":{"line":40,"column":56}},"11":{"start":{"line":41,"column":4},"end":{"line":48,"column":null}},"12":{"start":{"line":42,"column":8},"end":{"line":42,"column":43}},"13":{"start":{"line":44,"column":10},"end":{"line":48,"column":null}},"14":{"start":{"line":45,"column":8},"end":{"line":47,"column":11}},"15":{"start":{"line":46,"column":12},"end":{"line":46,"column":37}},"16":{"start":{"line":49,"column":4},"end":{"line":49,"column":19}},"17":{"start":{"line":60,"column":13},"end":{"line":69,"column":null}},"18":{"start":{"line":62,"column":4},"end":{"line":63,"column":23}},"19":{"start":{"line":63,"column":8},"end":{"line":63,"column":23}},"20":{"start":{"line":65,"column":4},"end":{"line":66,"column":24}},"21":{"start":{"line":66,"column":8},"end":{"line":66,"column":24}},"22":{"start":{"line":68,"column":4},"end":{"line":68,"column":16}}},"fnMap":{"0":{"name":"(anonymous_0)","decl":{"start":{"line":21,"column":36},"end":{"line":21,"column":37}},"loc":{"start":{"line":21,"column":96},"end":{"line":31,"column":1}}},"1":{"name":"(anonymous_1)","decl":{"start":{"line":39,"column":60},"end":{"line":39,"column":61}},"loc":{"start":{"line":39,"column":76},"end":{"line":50,"column":1}}},"2":{"name":"(anonymous_2)","decl":{"start":{"line":45,"column":27},"end":{"line":45,"column":28}},"loc":{"start":{"line":45,"column":28},"end":{"line":47,"column":9}}},"3":{"name":"(anonymous_3)","decl":{"start":{"line":60,"column":27},"end":{"line":60,"column":28}},"loc":{"start":{"line":60,"column":40},"end":{"line":69,"column":1}}}},"branchMap":{"0":{"loc":{"start":{"line":21,"column":45},"end":{"line":21,"column":84}},"type":"if","locations":[{"start":{"line":21,"column":45},"end":{"line":21,"column":84}},{"start":{"line":21,"column":45},"end":{"line":21,"column":84}}]},"1":{"loc":{"start":{"line":21,"column":84},"end":{"line":21,"column":null}},"type":"if","locations":[{"start":{"line":21,"column":84},"end":{"line":21,"column":null}},{"start":{"line":21,"column":84},"end":{"line":21,"column":null}}]},"2":{"loc":{"start":{"line":22,"column":4},"end":{"line":23,"column":22}},"type":"if","locations":[{"start":{"line":22,"column":4},"end":{"line":23,"column":22}},{"start":{"line":22,"column":4},"end":{"line":23,"column":22}}]},"3":{"loc":{"start":{"line":25,"column":4},"end":{"line":30,"column":null}},"type":"if","locations":[{"start":{"line":25,"column":4},"end":{"line":30,"column":null}},{"start":{"line":25,"column":4},"end":{"line":30,"column":null}}]},"4":{"loc":{"start":{"line":41,"column":4},"end":{"line":48,"column":null}},"type":"if","locations":[{"start":{"line":41,"column":4},"end":{"line":48,"column":null}},{"start":{"line":41,"column":4},"end":{"line":48,"column":null}}]},"5":{"loc":{"start":{"line":44,"column":10},"end":{"line":48,"column":null}},"type":"if","locations":[{"start":{"line":44,"column":10},"end":{"line":48,"column":null}},{"start":{"line":44,"column":10},"end":{"line":48,"column":null}}]},"6":{"loc":{"start":{"line":44,"column":14},"end":{"line":44,"column":44}},"type":"binary-expr","locations":[{"start":{"line":44,"column":14},"end":{"line":44,"column":44}},{"start":{"line":44,"column":48},"end":{"line":44,"column":65}}]},"7":{"loc":{"start":{"line":62,"column":4},"end":{"line":63,"column":23}},"type":"if","locations":[{"start":{"line":62,"column":4},"end":{"line":63,"column":23}},{"start":{"line":62,"column":4},"end":{"line":63,"column":23}}]},"8":{"loc":{"start":{"line":65,"column":4},"end":{"line":66,"column":24}},"type":"if","locations":[{"start":{"line":65,"column":4},"end":{"line":66,"column":24}},{"start":{"line":65,"column":4},"end":{"line":66,"column":24}}]}},"s":{"0":2,"1":6,"2":7,"3":6,"4":4,"5":2,"6":1,"7":1,"8":1,"9":2,"10":11,"11":11,"12":10,"13":1,"14":1,"15":3,"16":11,"17":2,"18":11,"19":3,"20":8,"21":7,"22":1},"f":{"0":6,"1":11,"2":3,"3":11},"b":{"0":[0,6],"1":[1,5],"2":[4,2],"3":[1,1],"4":[10,1],"5":[1,0],"6":[1,1],"7":[3,8],"8":[7,1]}}
}
