{"/Users/kylewetton/apps/popmicro/src/ts/components/core/Popmicro.ts": {"path":"/Users/kylewetton/apps/popmicro/src/ts/components/core/Popmicro.ts","statementMap":{"0":{"start":{"line":1,"column":0},"end":{"line":1,"column":75}},"1":{"start":{"line":20,"column":35},"end":{"line":22,"column":null}},"2":{"start":{"line":24,"column":0},"end":{"line":24,"column":null}},"3":{"start":{"line":30,"column":17},"end":{"line":30,"column":null}},"4":{"start":{"line":31,"column":8},"end":{"line":31,"column":62}},"5":{"start":{"line":32,"column":8},"end":{"line":32,"column":null}},"6":{"start":{"line":33,"column":8},"end":{"line":37,"column":10}},"7":{"start":{"line":38,"column":8},"end":{"line":38,"column":38}},"8":{"start":{"line":39,"column":8},"end":{"line":39,"column":21}},"9":{"start":{"line":45,"column":3},"end":{"line":51,"column":null}},"10":{"start":{"line":46,"column":37},"end":{"line":46,"column":57}},"11":{"start":{"line":47,"column":7},"end":{"line":47,"column":109}},"12":{"start":{"line":48,"column":7},"end":{"line":48,"column":27}},"13":{"start":{"line":49,"column":7},"end":{"line":49,"column":24}},"14":{"start":{"line":50,"column":7},"end":{"line":50,"column":33}},"15":{"start":{"line":56,"column":11},"end":{"line":88,"column":null}},"16":{"start":{"line":57,"column":30},"end":{"line":57,"column":43}},"17":{"start":{"line":57,"column":19},"end":{"line":57,"column":21}},"18":{"start":{"line":57,"column":26},"end":{"line":57,"column":30}},"19":{"start":{"line":58,"column":40},"end":{"line":58,"column":57}},"20":{"start":{"line":61,"column":8},"end":{"line":85,"column":null}},"21":{"start":{"line":63,"column":16},"end":{"line":63,"column":null}},"22":{"start":{"line":64,"column":16},"end":{"line":64,"column":46}},"23":{"start":{"line":65,"column":12},"end":{"line":65,"column":18}},"24":{"start":{"line":68,"column":52},"end":{"line":68,"column":80}},"25":{"start":{"line":69,"column":16},"end":{"line":84,"column":null}},"26":{"start":{"line":70,"column":35},"end":{"line":70,"column":53}},"27":{"start":{"line":71,"column":40},"end":{"line":71,"column":66}},"28":{"start":{"line":73,"column":20},"end":{"line":76,"column":null}},"29":{"start":{"line":78,"column":19},"end":{"line":78,"column":40}},"30":{"start":{"line":79,"column":19},"end":{"line":79,"column":46}},"31":{"start":{"line":81,"column":19},"end":{"line":83,"column":null}},"32":{"start":{"line":82,"column":23},"end":{"line":82,"column":66}},"33":{"start":{"line":87,"column":8},"end":{"line":87,"column":40}},"34":{"start":{"line":93,"column":11},"end":{"line":112,"column":null}},"35":{"start":{"line":94,"column":30},"end":{"line":94,"column":43}},"36":{"start":{"line":94,"column":19},"end":{"line":94,"column":21}},"37":{"start":{"line":94,"column":26},"end":{"line":94,"column":30}},"38":{"start":{"line":95,"column":24},"end":{"line":95,"column":57}},"39":{"start":{"line":97,"column":8},"end":{"line":101,"column":null}},"40":{"start":{"line":98,"column":12},"end":{"line":100,"column":null}},"41":{"start":{"line":99,"column":16},"end":{"line":99,"column":56}},"42":{"start":{"line":103,"column":8},"end":{"line":109,"column":null}},"43":{"start":{"line":104,"column":12},"end":{"line":104,"column":96}},"44":{"start":{"line":105,"column":15},"end":{"line":109,"column":null}},"45":{"start":{"line":106,"column":12},"end":{"line":106,"column":63}},"46":{"start":{"line":108,"column":12},"end":{"line":108,"column":33}},"47":{"start":{"line":110,"column":8},"end":{"line":110,"column":40}},"48":{"start":{"line":111,"column":8},"end":{"line":111,"column":38}},"49":{"start":{"line":117,"column":12},"end":{"line":131,"column":null}},"50":{"start":{"line":117,"column":4},"end":{"line":117,"column":12}},"51":{"start":{"line":119,"column":8},"end":{"line":119,"column":null}},"52":{"start":{"line":119,"column":60},"end":{"line":119,"column":73}},"53":{"start":{"line":121,"column":8},"end":{"line":122,"column":19}},"54":{"start":{"line":122,"column":12},"end":{"line":122,"column":19}},"55":{"start":{"line":123,"column":8},"end":{"line":130,"column":11}},"56":{"start":{"line":124,"column":12},"end":{"line":129,"column":null}},"57":{"start":{"line":125,"column":16},"end":{"line":125,"column":35}},"58":{"start":{"line":126,"column":26},"end":{"line":126,"column":55}},"59":{"start":{"line":127,"column":29},"end":{"line":127,"column":51}},"60":{"start":{"line":128,"column":16},"end":{"line":128,"column":40}},"61":{"start":{"line":135,"column":12},"end":{"line":138,"column":null}},"62":{"start":{"line":136,"column":37},"end":{"line":136,"column":50}},"63":{"start":{"line":136,"column":19},"end":{"line":136,"column":21}},"64":{"start":{"line":136,"column":26},"end":{"line":136,"column":28}},"65":{"start":{"line":136,"column":33},"end":{"line":136,"column":37}},"66":{"start":{"line":137,"column":8},"end":{"line":137,"column":34}},"67":{"start":{"line":142,"column":12},"end":{"line":151,"column":null}},"68":{"start":{"line":143,"column":8},"end":{"line":150,"column":null}},"69":{"start":{"line":144,"column":25},"end":{"line":144,"column":85}},"70":{"start":{"line":145,"column":44},"end":{"line":145,"column":71}},"71":{"start":{"line":146,"column":12},"end":{"line":149,"column":null}},"72":{"start":{"line":147,"column":33},"end":{"line":147,"column":61}},"73":{"start":{"line":148,"column":16},"end":{"line":148,"column":58}},"74":{"start":{"line":152,"column":0},"end":{"line":152,"column":null}}},"fnMap":{"0":{"name":"(anonymous_0)","decl":{"start":{"line":24,"column":0},"end":{"line":24,"column":null}},"loc":{"start":{"line":24,"column":0},"end":{"line":152,"column":null}}},"1":{"name":"Popmicro","decl":{"start":{"line":30,"column":4},"end":{"line":30,"column":17}},"loc":{"start":{"line":30,"column":54},"end":{"line":40,"column":5}}},"2":{"name":"(anonymous_2)","decl":{"start":{"line":45,"column":3},"end":{"line":45,"column":8}},"loc":{"start":{"line":45,"column":3},"end":{"line":51,"column":5}}},"3":{"name":"(anonymous_3)","decl":{"start":{"line":56,"column":4},"end":{"line":56,"column":11}},"loc":{"start":{"line":56,"column":28},"end":{"line":88,"column":5}}},"4":{"name":"(anonymous_4)","decl":{"start":{"line":93,"column":4},"end":{"line":93,"column":11}},"loc":{"start":{"line":93,"column":4},"end":{"line":112,"column":5}}},"5":{"name":"(anonymous_5)","decl":{"start":{"line":117,"column":4},"end":{"line":117,"column":12}},"loc":{"start":{"line":117,"column":4},"end":{"line":131,"column":5}}},"6":{"name":"(anonymous_6)","decl":{"start":{"line":119,"column":54},"end":{"line":119,"column":60}},"loc":{"start":{"line":119,"column":54},"end":{"line":119,"column":64}}},"7":{"name":"(anonymous_7)","decl":{"start":{"line":123,"column":30},"end":{"line":123,"column":37}},"loc":{"start":{"line":123,"column":37},"end":{"line":130,"column":9}}},"8":{"name":"(anonymous_8)","decl":{"start":{"line":124,"column":46},"end":{"line":124,"column":47}},"loc":{"start":{"line":124,"column":47},"end":{"line":129,"column":13}}},"9":{"name":"(anonymous_9)","decl":{"start":{"line":135,"column":4},"end":{"line":135,"column":12}},"loc":{"start":{"line":135,"column":4},"end":{"line":138,"column":5}}},"10":{"name":"(anonymous_10)","decl":{"start":{"line":142,"column":4},"end":{"line":142,"column":12}},"loc":{"start":{"line":142,"column":4},"end":{"line":151,"column":5}}},"11":{"name":"(anonymous_11)","decl":{"start":{"line":143,"column":30},"end":{"line":143,"column":37}},"loc":{"start":{"line":143,"column":37},"end":{"line":150,"column":9}}}},"branchMap":{"0":{"loc":{"start":{"line":30,"column":17},"end":{"line":30,"column":null}},"type":"if","locations":[{"start":{"line":30,"column":17},"end":{"line":30,"column":null}},{"start":{"line":30,"column":17},"end":{"line":30,"column":null}}]},"1":{"loc":{"start":{"line":62,"column":12},"end":{"line":65,"column":18}},"type":"switch","locations":[{"start":{"line":62,"column":12},"end":{"line":65,"column":18}},{"start":{"line":67,"column":12},"end":{"line":84,"column":null}}]},"2":{"loc":{"start":{"line":69,"column":16},"end":{"line":84,"column":null}},"type":"if","locations":[{"start":{"line":69,"column":16},"end":{"line":84,"column":null}},{"start":{"line":69,"column":16},"end":{"line":84,"column":null}}]},"3":{"loc":{"start":{"line":81,"column":19},"end":{"line":83,"column":null}},"type":"if","locations":[{"start":{"line":81,"column":19},"end":{"line":83,"column":null}},{"start":{"line":81,"column":19},"end":{"line":83,"column":null}}]},"4":{"loc":{"start":{"line":97,"column":8},"end":{"line":101,"column":null}},"type":"if","locations":[{"start":{"line":97,"column":8},"end":{"line":101,"column":null}},{"start":{"line":97,"column":8},"end":{"line":101,"column":null}}]},"5":{"loc":{"start":{"line":98,"column":12},"end":{"line":100,"column":null}},"type":"if","locations":[{"start":{"line":98,"column":12},"end":{"line":100,"column":null}},{"start":{"line":98,"column":12},"end":{"line":100,"column":null}}]},"6":{"loc":{"start":{"line":103,"column":8},"end":{"line":109,"column":null}},"type":"if","locations":[{"start":{"line":103,"column":8},"end":{"line":109,"column":null}},{"start":{"line":103,"column":8},"end":{"line":109,"column":null}}]},"7":{"loc":{"start":{"line":103,"column":12},"end":{"line":103,"column":19}},"type":"binary-expr","locations":[{"start":{"line":103,"column":12},"end":{"line":103,"column":19}},{"start":{"line":103,"column":19},"end":{"line":103,"column":54}},{"start":{"line":103,"column":54},"end":{"line":103,"column":88}}]},"8":{"loc":{"start":{"line":103,"column":45},"end":{"line":103,"column":47}},"type":"cond-expr","locations":[{"start":{"line":103,"column":45},"end":{"line":103,"column":47}},{"start":{"line":103,"column":45},"end":{"line":103,"column":54}}]},"9":{"loc":{"start":{"line":103,"column":19},"end":{"line":103,"column":47}},"type":"binary-expr","locations":[{"start":{"line":103,"column":19},"end":{"line":103,"column":47}},{"start":{"line":103,"column":45},"end":{"line":103,"column":47}}]},"10":{"loc":{"start":{"line":103,"column":80},"end":{"line":103,"column":82}},"type":"cond-expr","locations":[{"start":{"line":103,"column":80},"end":{"line":103,"column":82}},{"start":{"line":103,"column":80},"end":{"line":103,"column":88}}]},"11":{"loc":{"start":{"line":103,"column":54},"end":{"line":103,"column":82}},"type":"binary-expr","locations":[{"start":{"line":103,"column":54},"end":{"line":103,"column":82}},{"start":{"line":103,"column":80},"end":{"line":103,"column":82}}]},"12":{"loc":{"start":{"line":105,"column":15},"end":{"line":109,"column":null}},"type":"if","locations":[{"start":{"line":105,"column":15},"end":{"line":109,"column":null}},{"start":{"line":105,"column":15},"end":{"line":109,"column":null}}]},"13":{"loc":{"start":{"line":105,"column":19},"end":{"line":105,"column":26}},"type":"binary-expr","locations":[{"start":{"line":105,"column":19},"end":{"line":105,"column":26}},{"start":{"line":105,"column":26},"end":{"line":105,"column":60}}]},"14":{"loc":{"start":{"line":105,"column":52},"end":{"line":105,"column":54}},"type":"cond-expr","locations":[{"start":{"line":105,"column":52},"end":{"line":105,"column":54}},{"start":{"line":105,"column":52},"end":{"line":105,"column":60}}]},"15":{"loc":{"start":{"line":105,"column":26},"end":{"line":105,"column":54}},"type":"binary-expr","locations":[{"start":{"line":105,"column":26},"end":{"line":105,"column":54}},{"start":{"line":105,"column":52},"end":{"line":105,"column":54}}]},"16":{"loc":{"start":{"line":121,"column":8},"end":{"line":122,"column":19}},"type":"if","locations":[{"start":{"line":121,"column":8},"end":{"line":122,"column":19}},{"start":{"line":121,"column":8},"end":{"line":122,"column":19}}]},"17":{"loc":{"start":{"line":128,"column":16},"end":{"line":128,"column":20}},"type":"binary-expr","locations":[{"start":{"line":128,"column":16},"end":{"line":128,"column":20}},{"start":{"line":128,"column":24},"end":{"line":128,"column":39}}]},"18":{"loc":{"start":{"line":144,"column":25},"end":{"line":144,"column":53}},"type":"binary-expr","locations":[{"start":{"line":144,"column":25},"end":{"line":144,"column":53}},{"start":{"line":144,"column":57},"end":{"line":144,"column":85}}]},"19":{"loc":{"start":{"line":146,"column":12},"end":{"line":149,"column":null}},"type":"if","locations":[{"start":{"line":146,"column":12},"end":{"line":149,"column":null}},{"start":{"line":146,"column":12},"end":{"line":149,"column":null}}]},"20":{"loc":{"start":{"line":146,"column":16},"end":{"line":146,"column":20}},"type":"binary-expr","locations":[{"start":{"line":146,"column":16},"end":{"line":146,"column":20}},{"start":{"line":146,"column":24},"end":{"line":146,"column":32}},{"start":{"line":146,"column":36},"end":{"line":146,"column":56}}]},"21":{"loc":{"start":{"line":148,"column":24},"end":{"line":148,"column":26}},"type":"cond-expr","locations":[{"start":{"line":148,"column":24},"end":{"line":148,"column":26}},{"start":{"line":148,"column":16},"end":{"line":148,"column":58}}]},"22":{"loc":{"start":{"line":148,"column":16},"end":{"line":148,"column":26}},"type":"binary-expr","locations":[{"start":{"line":148,"column":16},"end":{"line":148,"column":26}},{"start":{"line":148,"column":16},"end":{"line":148,"column":26}}]}},"s":{"0":1,"1":1,"2":1,"3":6,"4":3,"5":3,"6":3,"7":3,"8":3,"9":1,"10":3,"11":3,"12":3,"13":3,"14":3,"15":1,"16":6,"17":6,"18":6,"19":6,"20":6,"21":1,"22":1,"23":1,"24":5,"25":5,"26":5,"27":5,"28":5,"29":5,"30":5,"31":5,"32":5,"33":6,"34":1,"35":2,"36":2,"37":2,"38":2,"39":2,"40":2,"41":2,"42":2,"43":2,"44":0,"45":0,"46":0,"47":2,"48":2,"49":1,"50":3,"51":3,"52":0,"53":3,"54":0,"55":3,"56":3,"57":0,"58":0,"59":0,"60":0,"61":1,"62":3,"63":3,"64":3,"65":3,"66":3,"67":1,"68":3,"69":3,"70":3,"71":3,"72":3,"73":3,"74":1},"f":{"0":1,"1":3,"2":3,"3":6,"4":2,"5":3,"6":0,"7":3,"8":0,"9":3,"10":3,"11":3},"b":{"0":[3,0],"1":[1,5],"2":[5,0],"3":[5,0],"4":[2,0],"5":[2,0],"6":[2,0],"7":[2,2,2],"8":[0,2],"9":[2,2],"10":[0,2],"11":[2,2],"12":[0,0],"13":[0,0],"14":[0,0],"15":[0,0],"16":[0,3],"17":[0,0],"18":[3,3],"19":[3,0],"20":[3,3,3],"21":[0,3],"22":[3,3]}}
,"/Users/kylewetton/apps/popmicro/src/ts/utils/index.ts": {"path":"/Users/kylewetton/apps/popmicro/src/ts/utils/index.ts","statementMap":{"0":{"start":{"line":21,"column":13},"end":{"line":31,"column":null}},"1":{"start":{"line":21,"column":45},"end":{"line":21,"column":84}},"2":{"start":{"line":21,"column":84},"end":{"line":21,"column":null}},"3":{"start":{"line":22,"column":4},"end":{"line":23,"column":22}},"4":{"start":{"line":23,"column":8},"end":{"line":23,"column":22}},"5":{"start":{"line":25,"column":4},"end":{"line":30,"column":null}},"6":{"start":{"line":26,"column":12},"end":{"line":26,"column":54}},"7":{"start":{"line":27,"column":12},"end":{"line":27,"column":24}},"8":{"start":{"line":29,"column":12},"end":{"line":29,"column":53}},"9":{"start":{"line":39,"column":13},"end":{"line":50,"column":null}},"10":{"start":{"line":40,"column":29},"end":{"line":40,"column":56}},"11":{"start":{"line":41,"column":4},"end":{"line":48,"column":null}},"12":{"start":{"line":42,"column":8},"end":{"line":42,"column":43}},"13":{"start":{"line":44,"column":10},"end":{"line":48,"column":null}},"14":{"start":{"line":45,"column":8},"end":{"line":47,"column":11}},"15":{"start":{"line":46,"column":12},"end":{"line":46,"column":37}},"16":{"start":{"line":49,"column":4},"end":{"line":49,"column":19}},"17":{"start":{"line":60,"column":13},"end":{"line":69,"column":null}},"18":{"start":{"line":62,"column":4},"end":{"line":63,"column":23}},"19":{"start":{"line":63,"column":8},"end":{"line":63,"column":23}},"20":{"start":{"line":65,"column":4},"end":{"line":66,"column":24}},"21":{"start":{"line":66,"column":8},"end":{"line":66,"column":24}},"22":{"start":{"line":68,"column":4},"end":{"line":68,"column":16}}},"fnMap":{"0":{"name":"(anonymous_0)","decl":{"start":{"line":21,"column":36},"end":{"line":21,"column":37}},"loc":{"start":{"line":21,"column":96},"end":{"line":31,"column":1}}},"1":{"name":"(anonymous_1)","decl":{"start":{"line":39,"column":60},"end":{"line":39,"column":61}},"loc":{"start":{"line":39,"column":76},"end":{"line":50,"column":1}}},"2":{"name":"(anonymous_2)","decl":{"start":{"line":45,"column":27},"end":{"line":45,"column":28}},"loc":{"start":{"line":45,"column":28},"end":{"line":47,"column":9}}},"3":{"name":"(anonymous_3)","decl":{"start":{"line":60,"column":27},"end":{"line":60,"column":28}},"loc":{"start":{"line":60,"column":40},"end":{"line":69,"column":1}}}},"branchMap":{"0":{"loc":{"start":{"line":21,"column":45},"end":{"line":21,"column":84}},"type":"if","locations":[{"start":{"line":21,"column":45},"end":{"line":21,"column":84}},{"start":{"line":21,"column":45},"end":{"line":21,"column":84}}]},"1":{"loc":{"start":{"line":21,"column":84},"end":{"line":21,"column":null}},"type":"if","locations":[{"start":{"line":21,"column":84},"end":{"line":21,"column":null}},{"start":{"line":21,"column":84},"end":{"line":21,"column":null}}]},"2":{"loc":{"start":{"line":22,"column":4},"end":{"line":23,"column":22}},"type":"if","locations":[{"start":{"line":22,"column":4},"end":{"line":23,"column":22}},{"start":{"line":22,"column":4},"end":{"line":23,"column":22}}]},"3":{"loc":{"start":{"line":25,"column":4},"end":{"line":30,"column":null}},"type":"if","locations":[{"start":{"line":25,"column":4},"end":{"line":30,"column":null}},{"start":{"line":25,"column":4},"end":{"line":30,"column":null}}]},"4":{"loc":{"start":{"line":41,"column":4},"end":{"line":48,"column":null}},"type":"if","locations":[{"start":{"line":41,"column":4},"end":{"line":48,"column":null}},{"start":{"line":41,"column":4},"end":{"line":48,"column":null}}]},"5":{"loc":{"start":{"line":44,"column":10},"end":{"line":48,"column":null}},"type":"if","locations":[{"start":{"line":44,"column":10},"end":{"line":48,"column":null}},{"start":{"line":44,"column":10},"end":{"line":48,"column":null}}]},"6":{"loc":{"start":{"line":44,"column":14},"end":{"line":44,"column":44}},"type":"binary-expr","locations":[{"start":{"line":44,"column":14},"end":{"line":44,"column":44}},{"start":{"line":44,"column":48},"end":{"line":44,"column":65}}]},"7":{"loc":{"start":{"line":62,"column":4},"end":{"line":63,"column":23}},"type":"if","locations":[{"start":{"line":62,"column":4},"end":{"line":63,"column":23}},{"start":{"line":62,"column":4},"end":{"line":63,"column":23}}]},"8":{"loc":{"start":{"line":65,"column":4},"end":{"line":66,"column":24}},"type":"if","locations":[{"start":{"line":65,"column":4},"end":{"line":66,"column":24}},{"start":{"line":65,"column":4},"end":{"line":66,"column":24}}]}},"s":{"0":2,"1":6,"2":7,"3":6,"4":4,"5":2,"6":1,"7":1,"8":1,"9":2,"10":11,"11":11,"12":10,"13":1,"14":1,"15":3,"16":11,"17":2,"18":14,"19":3,"20":11,"21":10,"22":1},"f":{"0":6,"1":11,"2":3,"3":14},"b":{"0":[0,6],"1":[1,5],"2":[4,2],"3":[1,1],"4":[10,1],"5":[1,0],"6":[1,1],"7":[3,11],"8":[10,1]}}
}
