TN:
SF:src/ts/components/core/Popmicro.ts
FN:24,(anonymous_0)
FN:30,Popmicro
FN:45,(anonymous_2)
FN:55,(anonymous_3)
FN:90,(anonymous_4)
FN:112,(anonymous_5)
FN:115,(anonymous_6)
FN:116,(anonymous_7)
FN:125,(anonymous_8)
FN:130,(anonymous_9)
FN:131,(anonymous_10)
FNF:11
FNH:8
FNDA:1,(anonymous_0)
FNDA:3,Popmicro
FNDA:3,(anonymous_2)
FNDA:6,(anonymous_3)
FNDA:2,(anonymous_4)
FNDA:3,(anonymous_5)
FNDA:3,(anonymous_6)
FNDA:0,(anonymous_7)
FNDA:3,(anonymous_8)
FNDA:0,(anonymous_9)
FNDA:0,(anonymous_10)
DA:1,1
DA:20,1
DA:24,1
DA:30,6
DA:31,3
DA:32,3
DA:33,3
DA:38,3
DA:39,3
DA:45,1
DA:46,3
DA:47,3
DA:48,3
DA:49,3
DA:55,1
DA:56,6
DA:57,6
DA:60,6
DA:62,1
DA:63,1
DA:64,1
DA:67,5
DA:68,5
DA:69,5
DA:70,5
DA:72,5
DA:77,5
DA:78,5
DA:80,5
DA:81,5
DA:86,6
DA:90,1
DA:91,2
DA:92,2
DA:94,2
DA:95,2
DA:96,2
DA:100,2
DA:101,2
DA:102,0
DA:103,0
DA:105,0
DA:107,2
DA:108,2
DA:112,3
DA:113,3
DA:114,0
DA:115,3
DA:116,3
DA:117,0
DA:118,0
DA:119,0
DA:120,0
DA:125,1
DA:126,3
DA:127,3
DA:130,1
DA:131,0
DA:132,0
DA:133,0
DA:134,0
DA:135,0
DA:136,0
DA:140,1
LF:64
LH:50
BRDA:30,0,0,3
BRDA:30,0,1,0
BRDA:61,1,0,1
BRDA:61,1,1,5
BRDA:68,2,0,5
BRDA:68,2,1,0
BRDA:80,3,0,5
BRDA:80,3,1,0
BRDA:94,4,0,2
BRDA:94,4,1,0
BRDA:95,5,0,2
BRDA:95,5,1,0
BRDA:100,6,0,2
BRDA:100,6,1,0
BRDA:100,7,0,2
BRDA:100,7,1,2
BRDA:100,7,2,2
BRDA:100,8,0,0
BRDA:100,8,1,2
BRDA:100,9,0,2
BRDA:100,9,1,2
BRDA:100,10,0,0
BRDA:100,10,1,2
BRDA:100,11,0,2
BRDA:100,11,1,2
BRDA:102,12,0,0
BRDA:102,12,1,0
BRDA:102,13,0,0
BRDA:102,13,1,0
BRDA:102,14,0,0
BRDA:102,14,1,0
BRDA:102,15,0,0
BRDA:102,15,1,0
BRDA:113,16,0,0
BRDA:113,16,1,3
BRDA:120,17,0,0
BRDA:120,17,1,0
BRDA:134,18,0,0
BRDA:134,18,1,0
BRDA:136,19,0,0
BRDA:136,19,1,0
BRDA:136,20,0,0
BRDA:136,20,1,0
BRF:43
BRH:18
end_of_record
TN:
SF:src/ts/utils/index.ts
FN:21,(anonymous_0)
FN:39,(anonymous_1)
FN:45,(anonymous_2)
FN:60,(anonymous_3)
FNF:4
FNH:4
FNDA:6,(anonymous_0)
FNDA:11,(anonymous_1)
FNDA:3,(anonymous_2)
FNDA:11,(anonymous_3)
DA:21,7
DA:22,6
DA:23,4
DA:25,2
DA:26,1
DA:27,1
DA:29,1
DA:39,2
DA:40,11
DA:41,11
DA:42,10
DA:44,1
DA:45,1
DA:46,3
DA:49,11
DA:60,2
DA:62,11
DA:63,3
DA:65,8
DA:66,7
DA:68,1
LF:21
LH:21
BRDA:21,0,0,0
BRDA:21,0,1,6
BRDA:21,1,0,1
BRDA:21,1,1,5
BRDA:22,2,0,4
BRDA:22,2,1,2
BRDA:25,3,0,1
BRDA:25,3,1,1
BRDA:41,4,0,10
BRDA:41,4,1,1
BRDA:44,5,0,1
BRDA:44,5,1,0
BRDA:44,6,0,1
BRDA:44,6,1,1
BRDA:62,7,0,3
BRDA:62,7,1,8
BRDA:65,8,0,7
BRDA:65,8,1,1
BRF:18
BRH:16
end_of_record
