TN:
SF:src/ts/components/core/Popmicro.ts
FN:34,(anonymous_0)
FN:40,Popmicro
FN:55,(anonymous_2)
FN:66,(anonymous_3)
FN:112,(anonymous_4)
FN:141,(anonymous_5)
FN:143,(anonymous_6)
FN:147,(anonymous_7)
FN:148,(anonymous_8)
FN:159,(anonymous_9)
FN:171,(anonymous_10)
FN:172,(anonymous_11)
FNF:12
FNH:10
FNDA:1,(anonymous_0)
FNDA:3,Popmicro
FNDA:3,(anonymous_2)
FNDA:5,(anonymous_3)
FNDA:1,(anonymous_4)
FNDA:3,(anonymous_5)
FNDA:0,(anonymous_6)
FNDA:3,(anonymous_7)
FNDA:0,(anonymous_8)
FNDA:3,(anonymous_9)
FNDA:3,(anonymous_10)
FNDA:3,(anonymous_11)
DA:1,1
DA:2,1
DA:3,1
DA:26,1
DA:34,1
DA:40,6
DA:41,3
DA:42,3
DA:43,3
DA:48,3
DA:49,3
DA:55,1
DA:56,3
DA:57,3
DA:58,3
DA:59,3
DA:60,3
DA:66,1
DA:67,5
DA:68,5
DA:69,5
DA:71,5
DA:72,5
DA:75,5
DA:78,1
DA:79,1
DA:80,1
DA:83,4
DA:84,4
DA:85,4
DA:86,4
DA:87,4
DA:89,4
DA:94,4
DA:95,4
DA:97,4
DA:98,4
DA:100,4
DA:101,4
DA:106,5
DA:112,1
DA:113,1
DA:114,1
DA:115,1
DA:117,1
DA:118,1
DA:120,1
DA:121,1
DA:122,1
DA:126,1
DA:127,1
DA:128,0
DA:129,0
DA:131,0
DA:133,1
DA:134,1
DA:135,1
DA:141,3
DA:143,3
DA:145,3
DA:146,0
DA:147,3
DA:148,3
DA:149,0
DA:150,0
DA:151,0
DA:152,0
DA:159,1
DA:160,3
DA:161,3
DA:163,3
DA:164,3
DA:165,3
DA:166,3
DA:171,1
DA:172,3
DA:173,3
DA:174,3
DA:175,3
DA:176,3
DA:177,3
DA:181,1
LF:82
LH:74
BRDA:40,0,0,3
BRDA:40,0,1,0
BRDA:71,1,0,5
BRDA:71,1,1,0
BRDA:76,2,0,1
BRDA:76,2,1,4
BRDA:84,3,0,4
BRDA:84,3,1,0
BRDA:100,4,0,4
BRDA:100,4,1,0
BRDA:117,5,0,1
BRDA:117,5,1,0
BRDA:120,6,0,1
BRDA:120,6,1,0
BRDA:121,7,0,1
BRDA:121,7,1,0
BRDA:126,8,0,1
BRDA:126,8,1,0
BRDA:126,9,0,1
BRDA:126,9,1,1
BRDA:126,9,2,1
BRDA:126,10,0,0
BRDA:126,10,1,1
BRDA:126,11,0,1
BRDA:126,11,1,1
BRDA:126,12,0,0
BRDA:126,12,1,1
BRDA:126,13,0,1
BRDA:126,13,1,1
BRDA:128,14,0,0
BRDA:128,14,1,0
BRDA:128,15,0,0
BRDA:128,15,1,0
BRDA:128,16,0,0
BRDA:128,16,1,0
BRDA:128,17,0,0
BRDA:128,17,1,0
BRDA:145,18,0,0
BRDA:145,18,1,3
BRDA:152,19,0,0
BRDA:152,19,1,0
BRDA:173,20,0,3
BRDA:173,20,1,3
BRDA:175,21,0,3
BRDA:175,21,1,0
BRDA:175,22,0,3
BRDA:175,22,1,3
BRDA:175,22,2,3
BRDA:177,23,0,0
BRDA:177,23,1,3
BRDA:177,24,0,3
BRDA:177,24,1,3
BRF:52
BRH:29
end_of_record
TN:
SF:src/ts/components/ui/CloseButton.ts
FN:2,(anonymous_0)
FNF:1
FNH:1
FNDA:3,(anonymous_0)
DA:2,3
DA:7,1
LF:2
LH:2
BRF:0
BRH:0
end_of_record
TN:
SF:src/ts/components/ui/index.ts
FNF:0
FNH:0
DA:1,1
DA:3,1
LF:2
LH:2
BRF:0
BRH:0
end_of_record
TN:
SF:src/ts/utils/index.ts
FN:29,(anonymous_0)
FN:47,(anonymous_1)
FN:53,(anonymous_2)
FN:68,(anonymous_3)
FN:85,(anonymous_4)
FN:126,(anonymous_5)
FNF:6
FNH:6
FNDA:6,(anonymous_0)
FNDA:11,(anonymous_1)
FNDA:3,(anonymous_2)
FNDA:13,(anonymous_3)
FNDA:3,(anonymous_4)
FNDA:4,(anonymous_5)
DA:29,7
DA:30,6
DA:31,4
DA:33,2
DA:34,1
DA:35,1
DA:37,1
DA:47,2
DA:48,11
DA:49,11
DA:50,10
DA:52,1
DA:53,1
DA:54,3
DA:57,11
DA:68,2
DA:70,13
DA:71,3
DA:73,10
DA:74,9
DA:76,1
DA:85,3
DA:87,3
DA:88,3
DA:90,3
DA:92,0
DA:93,0
DA:96,0
DA:97,0
DA:100,0
DA:101,0
DA:104,0
DA:105,0
DA:108,3
DA:109,3
DA:112,0
DA:115,3
DA:126,2
DA:127,4
DA:128,4
DA:129,4
DA:132,0
DA:133,0
DA:135,4
DA:136,4
DA:138,0
DA:139,0
DA:140,0
DA:144,4
LF:49
LH:35
BRDA:29,0,0,0
BRDA:29,0,1,6
BRDA:29,1,0,1
BRDA:29,1,1,5
BRDA:30,2,0,4
BRDA:30,2,1,2
BRDA:33,3,0,1
BRDA:33,3,1,1
BRDA:49,4,0,10
BRDA:49,4,1,1
BRDA:52,5,0,1
BRDA:52,5,1,0
BRDA:52,6,0,1
BRDA:52,6,1,1
BRDA:70,7,0,3
BRDA:70,7,1,10
BRDA:73,8,0,9
BRDA:73,8,1,1
BRDA:85,9,0,0
BRDA:85,9,1,3
BRDA:91,10,0,0
BRDA:91,10,1,0
BRDA:91,10,2,0
BRDA:91,10,3,0
BRDA:91,10,4,3
BRDA:91,10,5,0
BRDA:130,11,0,0
BRDA:130,11,1,0
BRDA:130,11,2,4
BRDA:130,11,3,0
BRDA:137,12,0,0
BRDA:137,12,1,0
BRDA:139,13,0,0
BRDA:139,13,1,0
BRF:34
BRH:19
end_of_record
